<?xml version="1.0" encoding="UTF-8"?>
<testng-results skipped="0" failed="0" ignored="0" total="1" passed="1">
  <reporter-output>
  </reporter-output>
  <suite name="Suite" duration-ms="59108" started-at="2020-11-28T14:19:29 IST" finished-at="2020-11-28T14:20:28 IST">
    <groups>
    </groups>
    <test name="Test" duration-ms="59108" started-at="2020-11-28T14:19:29 IST" finished-at="2020-11-28T14:20:28 IST">
      <class name="practise.AppiumFramework.Ecommerce_tc_4">
        <test-method status="PASS" signature="killAllNodes()[pri:0, instance:practise.AppiumFramework.Ecommerce_tc_4@69b0fd6f]" name="killAllNodes" is-config="true" duration-ms="3044" started-at="2020-11-28T14:19:29 IST" finished-at="2020-11-28T14:19:32 IST">
          <reporter-output>
          </reporter-output>
        </test-method> <!-- killAllNodes -->
        <test-method status="PASS" signature="totalValidation()[pri:0, instance:practise.AppiumFramework.Ecommerce_tc_4@69b0fd6f]" name="totalValidation" duration-ms="55974" started-at="2020-11-28T14:19:32 IST" finished-at="2020-11-28T14:20:28 IST">
          <reporter-output>
          </reporter-output>
        </test-method> <!-- totalValidation -->
      </class> <!-- practise.AppiumFramework.Ecommerce_tc_4 -->
    </test> <!-- Test -->
  </suite> <!-- Suite -->
</testng-results>
